<?xml version="1.0" encoding="UTF-8"?>
<testsuite xmlns:xsi="http://www.w3.org/2001/XMLSchema-instance" xsi:noNamespaceSchemaLocation="https://maven.apache.org/surefire/maven-surefire-plugin/xsd/surefire-test-report.xsd" name="com.n9.service.DebitDataServiceTest" time="0.35" tests="4" errors="0" skipped="0" failures="0">
  <properties>
[...]
</properties>
  <testcase name="testPerformDebit" classname="com.n9.service.DebitDataServiceTest" time="0.014"/>
  <testcase name="testPerformDebitWhenAccountHasInSufficientBalance" classname="com.n9.service.DebitDataServiceTest" time="0.01"/>
  <testcase name="testPerformDebitWhenSystemErrorOccurred" classname="com.n9.service.DebitDataServiceTest" time="0.01"/>
  <testcase name="testPerformDebitWhenAccountIdNotFound" classname="com.n9.service.DebitDataServiceTest" time="0.011"/>
</testsuite>